<?xml version="1.0" encoding="UTF-8"?>
<!-- Generated by org.testng.reporters.JUnitReportReporter -->
<testsuite hostname="DESKTOP-DJ4FDME" failures="0" tests="1" name="steps.TestNGClass" time="0.009" errors="0" timestamp="2025-08-24T05:39:41 IST" skipped="0">
  <testcase classname="steps.TestNGClass" name="testdemo" time="0.009"/>
</testsuite> <!-- steps.TestNGClass -->
